<?xml version="1.0" encoding="UTF-8"?>
<testsuite xmlns:xsi="http://www.w3.org/2001/XMLSchema-instance" xsi:noNamespaceSchemaLocation="https://maven.apache.org/surefire/maven-surefire-plugin/xsd/surefire-test-report.xsd" name="com.glasgow.tapp.TappApplicationTests" time="2.187" tests="1" errors="0" skipped="0" failures="0">
  <properties>
    <property name="java.specification.version" value="19"/>
    <property name="sun.cpu.isalist" value="amd64"/>
    <property name="sun.jnu.encoding" value="GBK"/>
    <property name="java.class.path" value="D:\Projects\ps-tapp\tapp\target\test-classes;D:\Projects\ps-tapp\tapp\target\classes;D:\Projects\maven\repository\org\springframework\boot\spring-boot-starter-jdbc\2.7.4\spring-boot-starter-jdbc-2.7.4.jar;D:\Projects\maven\repository\org\springframework\boot\spring-boot-starter\2.7.4\spring-boot-starter-2.7.4.jar;D:\Projects\maven\repository\org\springframework\boot\spring-boot-starter-logging\2.7.4\spring-boot-starter-logging-2.7.4.jar;D:\Projects\maven\repository\ch\qos\logback\logback-classic\1.2.11\logback-classic-1.2.11.jar;D:\Projects\maven\repository\ch\qos\logback\logback-core\1.2.11\logback-core-1.2.11.jar;D:\Projects\maven\repository\org\apache\logging\log4j\log4j-to-slf4j\2.17.2\log4j-to-slf4j-2.17.2.jar;D:\Projects\maven\repository\org\apache\logging\log4j\log4j-api\2.17.2\log4j-api-2.17.2.jar;D:\Projects\maven\repository\org\slf4j\jul-to-slf4j\1.7.36\jul-to-slf4j-1.7.36.jar;D:\Projects\maven\repository\jakarta\annotation\jakarta.annotation-api\1.3.5\jakarta.annotation-api-1.3.5.jar;D:\Projects\maven\repository\org\yaml\snakeyaml\1.30\snakeyaml-1.30.jar;D:\Projects\maven\repository\com\zaxxer\HikariCP\4.0.3\HikariCP-4.0.3.jar;D:\Projects\maven\repository\org\slf4j\slf4j-api\1.7.36\slf4j-api-1.7.36.jar;D:\Projects\maven\repository\org\springframework\spring-jdbc\5.3.23\spring-jdbc-5.3.23.jar;D:\Projects\maven\repository\org\springframework\spring-beans\5.3.23\spring-beans-5.3.23.jar;D:\Projects\maven\repository\org\springframework\spring-tx\5.3.23\spring-tx-5.3.23.jar;D:\Projects\maven\repository\org\mybatis\spring\boot\mybatis-spring-boot-starter\2.2.2\mybatis-spring-boot-starter-2.2.2.jar;D:\Projects\maven\repository\org\mybatis\spring\boot\mybatis-spring-boot-autoconfigure\2.2.2\mybatis-spring-boot-autoconfigure-2.2.2.jar;D:\Projects\maven\repository\org\mybatis\mybatis\3.5.9\mybatis-3.5.9.jar;D:\Projects\maven\repository\org\mybatis\mybatis-spring\2.0.7\mybatis-spring-2.0.7.jar;D:\Projects\maven\repository\org\springframework\boot\spring-boot-devtools\2.7.4\spring-boot-devtools-2.7.4.jar;D:\Projects\maven\repository\org\springframework\boot\spring-boot\2.7.4\spring-boot-2.7.4.jar;D:\Projects\maven\repository\org\springframework\spring-context\5.3.23\spring-context-5.3.23.jar;D:\Projects\maven\repository\org\springframework\boot\spring-boot-autoconfigure\2.7.4\spring-boot-autoconfigure-2.7.4.jar;D:\Projects\maven\repository\mysql\mysql-connector-java\8.0.30\mysql-connector-java-8.0.30.jar;D:\Projects\maven\repository\org\projectlombok\lombok\1.18.24\lombok-1.18.24.jar;D:\Projects\maven\repository\org\springframework\boot\spring-boot-starter-test\2.7.4\spring-boot-starter-test-2.7.4.jar;D:\Projects\maven\repository\org\springframework\boot\spring-boot-test\2.7.4\spring-boot-test-2.7.4.jar;D:\Projects\maven\repository\org\springframework\boot\spring-boot-test-autoconfigure\2.7.4\spring-boot-test-autoconfigure-2.7.4.jar;D:\Projects\maven\repository\com\jayway\jsonpath\json-path\2.7.0\json-path-2.7.0.jar;D:\Projects\maven\repository\net\minidev\json-smart\2.4.8\json-smart-2.4.8.jar;D:\Projects\maven\repository\net\minidev\accessors-smart\2.4.8\accessors-smart-2.4.8.jar;D:\Projects\maven\repository\org\ow2\asm\asm\9.1\asm-9.1.jar;D:\Projects\maven\repository\jakarta\xml\bind\jakarta.xml.bind-api\2.3.3\jakarta.xml.bind-api-2.3.3.jar;D:\Projects\maven\repository\jakarta\activation\jakarta.activation-api\1.2.2\jakarta.activation-api-1.2.2.jar;D:\Projects\maven\repository\org\assertj\assertj-core\3.22.0\assertj-core-3.22.0.jar;D:\Projects\maven\repository\org\hamcrest\hamcrest\2.2\hamcrest-2.2.jar;D:\Projects\maven\repository\org\junit\jupiter\junit-jupiter\5.8.2\junit-jupiter-5.8.2.jar;D:\Projects\maven\repository\org\junit\jupiter\junit-jupiter-api\5.8.2\junit-jupiter-api-5.8.2.jar;D:\Projects\maven\repository\org\opentest4j\opentest4j\1.2.0\opentest4j-1.2.0.jar;D:\Projects\maven\repository\org\junit\platform\junit-platform-commons\1.8.2\junit-platform-commons-1.8.2.jar;D:\Projects\maven\repository\org\apiguardian\apiguardian-api\1.1.2\apiguardian-api-1.1.2.jar;D:\Projects\maven\repository\org\junit\jupiter\junit-jupiter-params\5.8.2\junit-jupiter-params-5.8.2.jar;D:\Projects\maven\repository\org\junit\jupiter\junit-jupiter-engine\5.8.2\junit-jupiter-engine-5.8.2.jar;D:\Projects\maven\repository\org\junit\platform\junit-platform-engine\1.8.2\junit-platform-engine-1.8.2.jar;D:\Projects\maven\repository\org\mockito\mockito-core\4.5.1\mockito-core-4.5.1.jar;D:\Projects\maven\repository\net\bytebuddy\byte-buddy\1.12.17\byte-buddy-1.12.17.jar;D:\Projects\maven\repository\net\bytebuddy\byte-buddy-agent\1.12.17\byte-buddy-agent-1.12.17.jar;D:\Projects\maven\repository\org\objenesis\objenesis\3.2\objenesis-3.2.jar;D:\Projects\maven\repository\org\mockito\mockito-junit-jupiter\4.5.1\mockito-junit-jupiter-4.5.1.jar;D:\Projects\maven\repository\org\skyscreamer\jsonassert\1.5.1\jsonassert-1.5.1.jar;D:\Projects\maven\repository\com\vaadin\external\google\android-json\0.0.20131108.vaadin1\android-json-0.0.20131108.vaadin1.jar;D:\Projects\maven\repository\org\springframework\spring-core\5.3.23\spring-core-5.3.23.jar;D:\Projects\maven\repository\org\springframework\spring-jcl\5.3.23\spring-jcl-5.3.23.jar;D:\Projects\maven\repository\org\springframework\spring-test\5.3.23\spring-test-5.3.23.jar;D:\Projects\maven\repository\org\xmlunit\xmlunit-core\2.9.0\xmlunit-core-2.9.0.jar;D:\Projects\maven\repository\org\springframework\boot\spring-boot-starter-web\2.7.4\spring-boot-starter-web-2.7.4.jar;D:\Projects\maven\repository\org\springframework\boot\spring-boot-starter-json\2.7.4\spring-boot-starter-json-2.7.4.jar;D:\Projects\maven\repository\com\fasterxml\jackson\core\jackson-databind\2.13.4\jackson-databind-2.13.4.jar;D:\Projects\maven\repository\com\fasterxml\jackson\core\jackson-annotations\2.13.4\jackson-annotations-2.13.4.jar;D:\Projects\maven\repository\com\fasterxml\jackson\core\jackson-core\2.13.4\jackson-core-2.13.4.jar;D:\Projects\maven\repository\com\fasterxml\jackson\datatype\jackson-datatype-jdk8\2.13.4\jackson-datatype-jdk8-2.13.4.jar;D:\Projects\maven\repository\com\fasterxml\jackson\datatype\jackson-datatype-jsr310\2.13.4\jackson-datatype-jsr310-2.13.4.jar;D:\Projects\maven\repository\com\fasterxml\jackson\module\jackson-module-parameter-names\2.13.4\jackson-module-parameter-names-2.13.4.jar;D:\Projects\maven\repository\org\springframework\boot\spring-boot-starter-tomcat\2.7.4\spring-boot-starter-tomcat-2.7.4.jar;D:\Projects\maven\repository\org\apache\tomcat\embed\tomcat-embed-core\9.0.65\tomcat-embed-core-9.0.65.jar;D:\Projects\maven\repository\org\apache\tomcat\embed\tomcat-embed-el\9.0.65\tomcat-embed-el-9.0.65.jar;D:\Projects\maven\repository\org\apache\tomcat\embed\tomcat-embed-websocket\9.0.65\tomcat-embed-websocket-9.0.65.jar;D:\Projects\maven\repository\org\springframework\spring-web\5.3.23\spring-web-5.3.23.jar;D:\Projects\maven\repository\org\springframework\spring-webmvc\5.3.23\spring-webmvc-5.3.23.jar;D:\Projects\maven\repository\org\springframework\spring-aop\5.3.23\spring-aop-5.3.23.jar;D:\Projects\maven\repository\org\springframework\spring-expression\5.3.23\spring-expression-5.3.23.jar;D:\Projects\maven\repository\org\apache\shiro\shiro-core\1.9.0\shiro-core-1.9.0.jar;D:\Projects\maven\repository\org\apache\shiro\shiro-lang\1.9.0\shiro-lang-1.9.0.jar;D:\Projects\maven\repository\org\apache\shiro\shiro-cache\1.9.0\shiro-cache-1.9.0.jar;D:\Projects\maven\repository\org\apache\shiro\shiro-crypto-hash\1.9.0\shiro-crypto-hash-1.9.0.jar;D:\Projects\maven\repository\org\apache\shiro\shiro-crypto-core\1.9.0\shiro-crypto-core-1.9.0.jar;D:\Projects\maven\repository\org\apache\shiro\shiro-crypto-cipher\1.9.0\shiro-crypto-cipher-1.9.0.jar;D:\Projects\maven\repository\org\apache\shiro\shiro-config-core\1.9.0\shiro-config-core-1.9.0.jar;D:\Projects\maven\repository\org\apache\shiro\shiro-config-ogdl\1.9.0\shiro-config-ogdl-1.9.0.jar;D:\Projects\maven\repository\commons-beanutils\commons-beanutils\1.9.4\commons-beanutils-1.9.4.jar;D:\Projects\maven\repository\commons-collections\commons-collections\3.2.2\commons-collections-3.2.2.jar;D:\Projects\maven\repository\org\apache\shiro\shiro-event\1.9.0\shiro-event-1.9.0.jar;D:\Projects\maven\repository\org\apache\shiro\shiro-spring\1.9.0\shiro-spring-1.9.0.jar;D:\Projects\maven\repository\org\apache\shiro\shiro-web\1.9.0\shiro-web-1.9.0.jar;D:\Projects\maven\repository\org\owasp\encoder\encoder\1.2.2\encoder-1.2.2.jar;"/>
    <property name="java.vm.vendor" value="Oracle Corporation"/>
    <property name="sun.arch.data.model" value="64"/>
    <property name="user.variant" value=""/>
    <property name="java.vendor.url" value="https://java.oracle.com/"/>
    <property name="user.timezone" value="Asia/Shanghai"/>
    <property name="os.name" value="Windows 11"/>
    <property name="java.vm.specification.version" value="19"/>
    <property name="sun.java.launcher" value="SUN_STANDARD"/>
    <property name="user.country" value="CN"/>
    <property name="sun.boot.library.path" value="C:\Users\XuMingze\.jdks\openjdk-19\bin"/>
    <property name="sun.java.command" value="C:\Users\XuMingze\AppData\Local\Temp\surefire18289997617656979938\surefirebooter4811378878781548004.jar C:\Users\XuMingze\AppData\Local\Temp\surefire18289997617656979938 2022-10-08T21-47-47_047-jvmRun1 surefire357929082843609020tmp surefire_08694488342472299883tmp"/>
    <property name="jdk.debug" value="release"/>
    <property name="surefire.test.class.path" value="D:\Projects\ps-tapp\tapp\target\test-classes;D:\Projects\ps-tapp\tapp\target\classes;D:\Projects\maven\repository\org\springframework\boot\spring-boot-starter-jdbc\2.7.4\spring-boot-starter-jdbc-2.7.4.jar;D:\Projects\maven\repository\org\springframework\boot\spring-boot-starter\2.7.4\spring-boot-starter-2.7.4.jar;D:\Projects\maven\repository\org\springframework\boot\spring-boot-starter-logging\2.7.4\spring-boot-starter-logging-2.7.4.jar;D:\Projects\maven\repository\ch\qos\logback\logback-classic\1.2.11\logback-classic-1.2.11.jar;D:\Projects\maven\repository\ch\qos\logback\logback-core\1.2.11\logback-core-1.2.11.jar;D:\Projects\maven\repository\org\apache\logging\log4j\log4j-to-slf4j\2.17.2\log4j-to-slf4j-2.17.2.jar;D:\Projects\maven\repository\org\apache\logging\log4j\log4j-api\2.17.2\log4j-api-2.17.2.jar;D:\Projects\maven\repository\org\slf4j\jul-to-slf4j\1.7.36\jul-to-slf4j-1.7.36.jar;D:\Projects\maven\repository\jakarta\annotation\jakarta.annotation-api\1.3.5\jakarta.annotation-api-1.3.5.jar;D:\Projects\maven\repository\org\yaml\snakeyaml\1.30\snakeyaml-1.30.jar;D:\Projects\maven\repository\com\zaxxer\HikariCP\4.0.3\HikariCP-4.0.3.jar;D:\Projects\maven\repository\org\slf4j\slf4j-api\1.7.36\slf4j-api-1.7.36.jar;D:\Projects\maven\repository\org\springframework\spring-jdbc\5.3.23\spring-jdbc-5.3.23.jar;D:\Projects\maven\repository\org\springframework\spring-beans\5.3.23\spring-beans-5.3.23.jar;D:\Projects\maven\repository\org\springframework\spring-tx\5.3.23\spring-tx-5.3.23.jar;D:\Projects\maven\repository\org\mybatis\spring\boot\mybatis-spring-boot-starter\2.2.2\mybatis-spring-boot-starter-2.2.2.jar;D:\Projects\maven\repository\org\mybatis\spring\boot\mybatis-spring-boot-autoconfigure\2.2.2\mybatis-spring-boot-autoconfigure-2.2.2.jar;D:\Projects\maven\repository\org\mybatis\mybatis\3.5.9\mybatis-3.5.9.jar;D:\Projects\maven\repository\org\mybatis\mybatis-spring\2.0.7\mybatis-spring-2.0.7.jar;D:\Projects\maven\repository\org\springframework\boot\spring-boot-devtools\2.7.4\spring-boot-devtools-2.7.4.jar;D:\Projects\maven\repository\org\springframework\boot\spring-boot\2.7.4\spring-boot-2.7.4.jar;D:\Projects\maven\repository\org\springframework\spring-context\5.3.23\spring-context-5.3.23.jar;D:\Projects\maven\repository\org\springframework\boot\spring-boot-autoconfigure\2.7.4\spring-boot-autoconfigure-2.7.4.jar;D:\Projects\maven\repository\mysql\mysql-connector-java\8.0.30\mysql-connector-java-8.0.30.jar;D:\Projects\maven\repository\org\projectlombok\lombok\1.18.24\lombok-1.18.24.jar;D:\Projects\maven\repository\org\springframework\boot\spring-boot-starter-test\2.7.4\spring-boot-starter-test-2.7.4.jar;D:\Projects\maven\repository\org\springframework\boot\spring-boot-test\2.7.4\spring-boot-test-2.7.4.jar;D:\Projects\maven\repository\org\springframework\boot\spring-boot-test-autoconfigure\2.7.4\spring-boot-test-autoconfigure-2.7.4.jar;D:\Projects\maven\repository\com\jayway\jsonpath\json-path\2.7.0\json-path-2.7.0.jar;D:\Projects\maven\repository\net\minidev\json-smart\2.4.8\json-smart-2.4.8.jar;D:\Projects\maven\repository\net\minidev\accessors-smart\2.4.8\accessors-smart-2.4.8.jar;D:\Projects\maven\repository\org\ow2\asm\asm\9.1\asm-9.1.jar;D:\Projects\maven\repository\jakarta\xml\bind\jakarta.xml.bind-api\2.3.3\jakarta.xml.bind-api-2.3.3.jar;D:\Projects\maven\repository\jakarta\activation\jakarta.activation-api\1.2.2\jakarta.activation-api-1.2.2.jar;D:\Projects\maven\repository\org\assertj\assertj-core\3.22.0\assertj-core-3.22.0.jar;D:\Projects\maven\repository\org\hamcrest\hamcrest\2.2\hamcrest-2.2.jar;D:\Projects\maven\repository\org\junit\jupiter\junit-jupiter\5.8.2\junit-jupiter-5.8.2.jar;D:\Projects\maven\repository\org\junit\jupiter\junit-jupiter-api\5.8.2\junit-jupiter-api-5.8.2.jar;D:\Projects\maven\repository\org\opentest4j\opentest4j\1.2.0\opentest4j-1.2.0.jar;D:\Projects\maven\repository\org\junit\platform\junit-platform-commons\1.8.2\junit-platform-commons-1.8.2.jar;D:\Projects\maven\repository\org\apiguardian\apiguardian-api\1.1.2\apiguardian-api-1.1.2.jar;D:\Projects\maven\repository\org\junit\jupiter\junit-jupiter-params\5.8.2\junit-jupiter-params-5.8.2.jar;D:\Projects\maven\repository\org\junit\jupiter\junit-jupiter-engine\5.8.2\junit-jupiter-engine-5.8.2.jar;D:\Projects\maven\repository\org\junit\platform\junit-platform-engine\1.8.2\junit-platform-engine-1.8.2.jar;D:\Projects\maven\repository\org\mockito\mockito-core\4.5.1\mockito-core-4.5.1.jar;D:\Projects\maven\repository\net\bytebuddy\byte-buddy\1.12.17\byte-buddy-1.12.17.jar;D:\Projects\maven\repository\net\bytebuddy\byte-buddy-agent\1.12.17\byte-buddy-agent-1.12.17.jar;D:\Projects\maven\repository\org\objenesis\objenesis\3.2\objenesis-3.2.jar;D:\Projects\maven\repository\org\mockito\mockito-junit-jupiter\4.5.1\mockito-junit-jupiter-4.5.1.jar;D:\Projects\maven\repository\org\skyscreamer\jsonassert\1.5.1\jsonassert-1.5.1.jar;D:\Projects\maven\repository\com\vaadin\external\google\android-json\0.0.20131108.vaadin1\android-json-0.0.20131108.vaadin1.jar;D:\Projects\maven\repository\org\springframework\spring-core\5.3.23\spring-core-5.3.23.jar;D:\Projects\maven\repository\org\springframework\spring-jcl\5.3.23\spring-jcl-5.3.23.jar;D:\Projects\maven\repository\org\springframework\spring-test\5.3.23\spring-test-5.3.23.jar;D:\Projects\maven\repository\org\xmlunit\xmlunit-core\2.9.0\xmlunit-core-2.9.0.jar;D:\Projects\maven\repository\org\springframework\boot\spring-boot-starter-web\2.7.4\spring-boot-starter-web-2.7.4.jar;D:\Projects\maven\repository\org\springframework\boot\spring-boot-starter-json\2.7.4\spring-boot-starter-json-2.7.4.jar;D:\Projects\maven\repository\com\fasterxml\jackson\core\jackson-databind\2.13.4\jackson-databind-2.13.4.jar;D:\Projects\maven\repository\com\fasterxml\jackson\core\jackson-annotations\2.13.4\jackson-annotations-2.13.4.jar;D:\Projects\maven\repository\com\fasterxml\jackson\core\jackson-core\2.13.4\jackson-core-2.13.4.jar;D:\Projects\maven\repository\com\fasterxml\jackson\datatype\jackson-datatype-jdk8\2.13.4\jackson-datatype-jdk8-2.13.4.jar;D:\Projects\maven\repository\com\fasterxml\jackson\datatype\jackson-datatype-jsr310\2.13.4\jackson-datatype-jsr310-2.13.4.jar;D:\Projects\maven\repository\com\fasterxml\jackson\module\jackson-module-parameter-names\2.13.4\jackson-module-parameter-names-2.13.4.jar;D:\Projects\maven\repository\org\springframework\boot\spring-boot-starter-tomcat\2.7.4\spring-boot-starter-tomcat-2.7.4.jar;D:\Projects\maven\repository\org\apache\tomcat\embed\tomcat-embed-core\9.0.65\tomcat-embed-core-9.0.65.jar;D:\Projects\maven\repository\org\apache\tomcat\embed\tomcat-embed-el\9.0.65\tomcat-embed-el-9.0.65.jar;D:\Projects\maven\repository\org\apache\tomcat\embed\tomcat-embed-websocket\9.0.65\tomcat-embed-websocket-9.0.65.jar;D:\Projects\maven\repository\org\springframework\spring-web\5.3.23\spring-web-5.3.23.jar;D:\Projects\maven\repository\org\springframework\spring-webmvc\5.3.23\spring-webmvc-5.3.23.jar;D:\Projects\maven\repository\org\springframework\spring-aop\5.3.23\spring-aop-5.3.23.jar;D:\Projects\maven\repository\org\springframework\spring-expression\5.3.23\spring-expression-5.3.23.jar;D:\Projects\maven\repository\org\apache\shiro\shiro-core\1.9.0\shiro-core-1.9.0.jar;D:\Projects\maven\repository\org\apache\shiro\shiro-lang\1.9.0\shiro-lang-1.9.0.jar;D:\Projects\maven\repository\org\apache\shiro\shiro-cache\1.9.0\shiro-cache-1.9.0.jar;D:\Projects\maven\repository\org\apache\shiro\shiro-crypto-hash\1.9.0\shiro-crypto-hash-1.9.0.jar;D:\Projects\maven\repository\org\apache\shiro\shiro-crypto-core\1.9.0\shiro-crypto-core-1.9.0.jar;D:\Projects\maven\repository\org\apache\shiro\shiro-crypto-cipher\1.9.0\shiro-crypto-cipher-1.9.0.jar;D:\Projects\maven\repository\org\apache\shiro\shiro-config-core\1.9.0\shiro-config-core-1.9.0.jar;D:\Projects\maven\repository\org\apache\shiro\shiro-config-ogdl\1.9.0\shiro-config-ogdl-1.9.0.jar;D:\Projects\maven\repository\commons-beanutils\commons-beanutils\1.9.4\commons-beanutils-1.9.4.jar;D:\Projects\maven\repository\commons-collections\commons-collections\3.2.2\commons-collections-3.2.2.jar;D:\Projects\maven\repository\org\apache\shiro\shiro-event\1.9.0\shiro-event-1.9.0.jar;D:\Projects\maven\repository\org\apache\shiro\shiro-spring\1.9.0\shiro-spring-1.9.0.jar;D:\Projects\maven\repository\org\apache\shiro\shiro-web\1.9.0\shiro-web-1.9.0.jar;D:\Projects\maven\repository\org\owasp\encoder\encoder\1.2.2\encoder-1.2.2.jar;"/>
    <property name="sun.cpu.endian" value="little"/>
    <property name="user.home" value="C:\Users\XuMingze"/>
    <property name="user.language" value="zh"/>
    <property name="java.specification.vendor" value="Oracle Corporation"/>
    <property name="java.version.date" value="2022-09-20"/>
    <property name="java.home" value="C:\Users\XuMingze\.jdks\openjdk-19"/>
    <property name="file.separator" value="\"/>
    <property name="basedir" value="D:\Projects\ps-tapp\tapp"/>
    <property name="java.vm.compressedOopsMode" value="Zero based"/>
    <property name="line.separator" value="&#10;"/>
    <property name="java.vm.specification.vendor" value="Oracle Corporation"/>
    <property name="java.specification.name" value="Java Platform API Specification"/>
    <property name="surefire.real.class.path" value="C:\Users\XuMingze\AppData\Local\Temp\surefire18289997617656979938\surefirebooter4811378878781548004.jar"/>
    <property name="user.script" value=""/>
    <property name="sun.management.compiler" value="HotSpot 64-Bit Tiered Compilers"/>
    <property name="java.runtime.version" value="19+36-2238"/>
    <property name="user.name" value="徐铭泽"/>
    <property name="stdout.encoding" value="GBK"/>
    <property name="path.separator" value=";"/>
    <property name="os.version" value="10.0"/>
    <property name="java.runtime.name" value="OpenJDK Runtime Environment"/>
    <property name="file.encoding" value="UTF-8"/>
    <property name="java.vm.name" value="OpenJDK 64-Bit Server VM"/>
    <property name="localRepository" value="D:\Projects\maven\repository"/>
    <property name="java.vendor.url.bug" value="https://bugreport.java.com/bugreport/"/>
    <property name="java.io.tmpdir" value="C:\Users\XuMingze\AppData\Local\Temp\"/>
    <property name="idea.version" value="2021.1.1"/>
    <property name="java.version" value="19"/>
    <property name="user.dir" value="D:\Projects\ps-tapp\tapp"/>
    <property name="os.arch" value="amd64"/>
    <property name="java.vm.specification.name" value="Java Virtual Machine Specification"/>
    <property name="sun.os.patch.level" value=""/>
    <property name="native.encoding" value="GBK"/>
    <property name="java.library.path" value="C:\Users\XuMingze\.jdks\openjdk-19\bin;C:\WINDOWS\Sun\Java\bin;C:\WINDOWS\system32;C:\WINDOWS;C:\Program Files\Common Files\Oracle\Java\javapath;C:\WINDOWS\system32;C:\WINDOWS;C:\WINDOWS\System32\Wbem;C:\WINDOWS\System32\WindowsPowerShell\v1.0\;C:\WINDOWS\System32\OpenSSH\;C:\Program Files\Java\jdk-16\bin;D:\mysql-8.0.23-winx64\bin;C:\Program Files\Git\cmd;C:\Program Files\NVIDIA Corporation\NVIDIA NvDLISR;C:\Program Files (x86)\NVIDIA Corporation\PhysX\Common;C:\WINDOWS\system32;C:\WINDOWS;C:\WINDOWS\System32\Wbem;C:\WINDOWS\System32\WindowsPowerShell\v1.0\;C:\WINDOWS\System32\OpenSSH\;C:\Program Files\dotnet\;C:\Users\XuMingze\AppData\Local\Microsoft\WindowsApps;;."/>
    <property name="java.vm.info" value="mixed mode, sharing"/>
    <property name="stderr.encoding" value="GBK"/>
    <property name="java.vendor" value="Oracle Corporation"/>
    <property name="java.vm.version" value="19+36-2238"/>
    <property name="sun.io.unicode.encoding" value="UnicodeLittle"/>
    <property name="maven.repo.local" value="D:\Projects\maven\repository"/>
    <property name="java.class.version" value="63.0"/>
  </properties>
  <testcase name="contextLoads" classname="com.glasgow.tapp.TappApplicationTests" time="0.301"/>
</testsuite>